<?xml version="1.0" encoding="UTF-8"?>
<testng-results skipped="0" failed="0" ignored="0" total="1" passed="1">
  <reporter-output>
  </reporter-output>
  <suite name="Suite" duration-ms="5405" started-at="2021-02-21T16:03:58Z" finished-at="2021-02-21T16:04:04Z">
    <groups>
    </groups>
    <test name="Test" duration-ms="5405" started-at="2021-02-21T16:03:58Z" finished-at="2021-02-21T16:04:04Z">
      <class name="test.LoginTest">
        <test-method status="PASS" signature="setup()[pri:0, instance:test.LoginTest@7a9273a8]" name="setup" is-config="true" duration-ms="2081" started-at="2021-02-21T16:03:58Z" finished-at="2021-02-21T16:04:00Z">
          <reporter-output>
          </reporter-output>
        </test-method> <!-- setup -->
        <test-method status="PASS" signature="Testcase1(java.lang.String, java.lang.String)[pri:0, instance:test.LoginTest@7a9273a8]" name="Testcase1" duration-ms="3222" started-at="2021-02-21T16:04:00Z" finished-at="2021-02-21T16:04:04Z">
          <params>
            <param index="0">
              <value>
                <![CDATA[nikunj@xyz.com]]>
              </value>
            </param>
            <param index="1">
              <value>
                <![CDATA[1234]]>
              </value>
            </param>
          </params>
          <reporter-output>
          </reporter-output>
        </test-method> <!-- Testcase1 -->
        <test-method status="PASS" signature="teardown()[pri:0, instance:test.LoginTest@7a9273a8]" name="teardown" is-config="true" duration-ms="80" started-at="2021-02-21T16:04:04Z" finished-at="2021-02-21T16:04:04Z">
          <reporter-output>
          </reporter-output>
        </test-method> <!-- teardown -->
      </class> <!-- test.LoginTest -->
    </test> <!-- Test -->
  </suite> <!-- Suite -->
</testng-results>
