<?xml version="1.0" encoding="UTF-8"?>
<testng-results skipped="0" failed="0" ignored="0" total="1" passed="1">
  <reporter-output>
  </reporter-output>
  <suite name="Default suite" duration-ms="6253" started-at="2021-02-21T15:17:09Z" finished-at="2021-02-21T15:17:15Z">
    <groups>
    </groups>
    <test name="Default test" duration-ms="6253" started-at="2021-02-21T15:17:09Z" finished-at="2021-02-21T15:17:15Z">
      <class name="test.ApachePOI">
        <test-method status="PASS" signature="setup()[pri:0, instance:test.ApachePOI@4c762604]" name="setup" is-config="true" duration-ms="1591" started-at="2021-02-21T15:17:09Z" finished-at="2021-02-21T15:17:11Z">
          <reporter-output>
          </reporter-output>
        </test-method> <!-- setup -->
        <test-method status="PASS" signature="Testcase1()[pri:0, instance:test.ApachePOI@4c762604]" name="Testcase1" duration-ms="4563" started-at="2021-02-21T15:17:11Z" finished-at="2021-02-21T15:17:15Z">
          <reporter-output>
          </reporter-output>
        </test-method> <!-- Testcase1 -->
        <test-method status="PASS" signature="teardown()[pri:0, instance:test.ApachePOI@4c762604]" name="teardown" is-config="true" duration-ms="74" started-at="2021-02-21T15:17:15Z" finished-at="2021-02-21T15:17:15Z">
          <reporter-output>
          </reporter-output>
        </test-method> <!-- teardown -->
      </class> <!-- test.ApachePOI -->
    </test> <!-- Default test -->
  </suite> <!-- Default suite -->
</testng-results>
